[debug] [2024-05-03T20:38:44.328Z] ----------------------------------------------------------------------
[debug] [2024-05-03T20:38:44.331Z] Command:       C:\Program Files\nodejs\node.exe C:\Program Files\nodejs\node_modules\firebase-tools\lib\bin\firebase.js deploy
[debug] [2024-05-03T20:38:44.331Z] CLI Version:   13.7.5
[debug] [2024-05-03T20:38:44.332Z] Platform:      win32
[debug] [2024-05-03T20:38:44.332Z] Node Version:  v18.17.0
[debug] [2024-05-03T20:38:44.343Z] Time:          Sat May 04 2024 01:38:44 GMT+0500 (Pakistan Standard Time)
[debug] [2024-05-03T20:38:44.343Z] ----------------------------------------------------------------------
[debug] 
[debug] [2024-05-03T20:38:44.478Z] > command requires scopes: ["email","openid","https://www.googleapis.com/auth/cloudplatformprojects.readonly","https://www.googleapis.com/auth/firebase","https://www.googleapis.com/auth/cloud-platform"]
[debug] [2024-05-03T20:38:44.479Z] > authorizing via signed-in user (ahsan_iqbal@nextpak.org)
[debug] [2024-05-03T20:38:44.479Z] [iam] checking project tararani-cc5a5 for permissions ["firebase.projects.get","firebasehosting.sites.update"]
[debug] [2024-05-03T20:38:44.481Z] > refreshing access token with scopes: []
[debug] [2024-05-03T20:38:44.484Z] >>> [apiv2][query] POST https://www.googleapis.com/oauth2/v3/token [none]
[debug] [2024-05-03T20:38:44.485Z] >>> [apiv2][body] POST https://www.googleapis.com/oauth2/v3/token [omitted]
[debug] [2024-05-03T20:38:47.437Z] <<< [apiv2][status] POST https://www.googleapis.com/oauth2/v3/token 200
[debug] [2024-05-03T20:38:47.438Z] <<< [apiv2][body] POST https://www.googleapis.com/oauth2/v3/token [omitted]
[debug] [2024-05-03T20:38:47.494Z] >>> [apiv2][query] POST https://cloudresourcemanager.googleapis.com/v1/projects/tararani-cc5a5:testIamPermissions [none]
[debug] [2024-05-03T20:38:47.494Z] >>> [apiv2][(partial)header] POST https://cloudresourcemanager.googleapis.com/v1/projects/tararani-cc5a5:testIamPermissions x-goog-quota-user=projects/tararani-cc5a5
[debug] [2024-05-03T20:38:47.494Z] >>> [apiv2][body] POST https://cloudresourcemanager.googleapis.com/v1/projects/tararani-cc5a5:testIamPermissions {"permissions":["firebase.projects.get","firebasehosting.sites.update"]}
[debug] [2024-05-03T20:38:51.649Z] <<< [apiv2][status] POST https://cloudresourcemanager.googleapis.com/v1/projects/tararani-cc5a5:testIamPermissions 200
[debug] [2024-05-03T20:38:51.650Z] <<< [apiv2][body] POST https://cloudresourcemanager.googleapis.com/v1/projects/tararani-cc5a5:testIamPermissions {}
[debug] [2024-05-03T20:38:51.650Z] [iam] error while checking permissions, command may fail: FirebaseError: Authorization failed. This account is missing the following required permissions on project tararani-cc5a5:

  firebase.projects.get
  firebasehosting.sites.update
[debug] [2024-05-03T20:38:51.655Z] >>> [apiv2][query] GET https://firebase.googleapis.com/v1beta1/projects/tararani-cc5a5 [none]
[debug] [2024-05-03T20:38:52.932Z] <<< [apiv2][status] GET https://firebase.googleapis.com/v1beta1/projects/tararani-cc5a5 403
[debug] [2024-05-03T20:38:52.933Z] <<< [apiv2][body] GET https://firebase.googleapis.com/v1beta1/projects/tararani-cc5a5 {"error":{"code":403,"message":"The caller does not have permission","status":"PERMISSION_DENIED"}}
[debug] [2024-05-03T20:38:52.935Z] HTTP Error: 403, The caller does not have permission
[error] 
[error] Error: Assertion failed: resolving hosting target of a site with no site name or target name. This should have caused an error earlier
